d:\cchr\projects\circus2017\debug\capublic.lib
d:\cchr\projects\circus2017\debug\capublic.exp
d:\cchr\projects\circus2017\capublic\debug\vc140.pdb
d:\cchr\projects\circus2017\capublic\debug\vc140.idb
d:\cchr\projects\circus2017\capublic\debug\billrowtable.obj
d:\cchr\projects\circus2017\capublic\debug\capublic.obj
d:\cchr\projects\circus2017\capublic\debug\capublictablesns.obj
d:\cchr\projects\circus2017\capublic\debug\capublic_bill_history_tbl.obj
d:\cchr\projects\circus2017\capublic\debug\capublic_bill_tbl.obj
d:\cchr\projects\circus2017\capublic\debug\capublic_bill_version_authors_tbl.obj
d:\cchr\projects\circus2017\capublic\debug\capublic_bill_version_tbl.obj
d:\cchr\projects\circus2017\capublic\debug\db_capublic.obj
d:\cchr\projects\circus2017\capublic\debug\capublic_location_code_tbl.obj
d:\cchr\projects\circus2017\capublic\debug\readers.obj
d:\cchr\projects\circus2017\debug\capublic.ilk
d:\cchr\projects\circus2017\debug\capublic.dll
d:\cchr\projects\circus2017\debug\capublic.pdb
d:\cchr\projects\circus2017\capublic\debug\capublic.tlog\capublic.write.1u.tlog
d:\cchr\projects\circus2017\capublic\debug\capublic.tlog\cl.command.1.tlog
d:\cchr\projects\circus2017\capublic\debug\capublic.tlog\cl.read.1.tlog
d:\cchr\projects\circus2017\capublic\debug\capublic.tlog\cl.write.1.tlog
d:\cchr\projects\circus2017\capublic\debug\capublic.tlog\link.command.1.tlog
d:\cchr\projects\circus2017\capublic\debug\capublic.tlog\link.read.1.tlog
d:\cchr\projects\circus2017\capublic\debug\capublic.tlog\link.write.1.tlog
